Arguments: 
  /usr/bin/node /usr/bin/yarn init

PATH: 
  /usr/local/sbin:/usr/local/bin:/usr/sbin:/usr/bin:/sbin:/bin:/usr/games:/usr/local/games:/snap/bin

Yarn version: 
  1.22.18

Node version: 
  14.19.3

Platform: 
  linux x64

Trace: 
  Error: canceled
      at Interface.<anonymous> (/usr/lib/node_modules/yarn/lib/cli.js:137143:13)
      at Interface.emit (events.js:400:28)
      at Interface._ttyWrite (readline.js:1001:16)
      at ReadStream.onkeypress (readline.js:265:10)
      at ReadStream.emit (events.js:400:28)
      at emitKeys (internal/readline/utils.js:358:14)
      at emitKeys.next (<anonymous>)
      at ReadStream.onData (readline.js:1270:36)
      at ReadStream.emit (events.js:400:28)
      at addChunk (internal/streams/readable.js:293:12)

npm manifest: 
  {
    "name": "server",
    "version": "1.0.0",
    "description": "Servidor back-end da disciplina TWM - Engenharia da Computação",
    "main": "index.js",
    "scripts": {
      "dev": "nodemon",
      "lint": "eslint --ext .js,.html -f ./node_modules/eslint-friendly-formatter . --fix",
      "start": "node server.js",
      "prepush": "npm run lint",
      "test": "echo \"Error: no test specified\" && exit 1"
    },
    "keywords": [],
    "author": "",
    "license": "ISC",
    "devDependencies": {
      "husky": "^6.0.0",
      "nodemon": "^2.0.7"
    },
    "dependencies": {
      "cors": "^2.8.5",
      "dotenv": "^8.2.0",
      "express": "^4.17.1",
      "express-promise-router": "^4.1.0",
      "pg": "^8.6.0"
    }
  }

yarn manifest: 
  No manifest

Lockfile: 
  No lockfile
